<?xml version="1.0" encoding="UTF-8"?>
<!-- Generated by org.testng.reporters.JUnitXMLReporter -->
<testsuite hostname="TYSS-4F-RMG-002" ignored="0" name="Default test(failed)" tests="1" failures="1" timestamp="23 Sep 2017 04:06:30 GMT" time="124.806" errors="0">
  <testcase name="watchAProduct" time="89.565" classname="allJewel.AllJewelleryTest">
    <failure type="java.lang.AssertionError" message="null">
      <![CDATA[java.lang.AssertionError: null
	at allJewel.AllJewelleryTest.watchAProduct(AllJewelleryTest.java:53)
... Removed 27 stack frames]]>
    </failure>
  </testcase> <!-- watchAProduct -->
</testsuite> <!-- Default test(failed) -->
